0 info it worked if it ends with ok
1 verbose cli [ '/home/ubuntu/.nvm/v0.10.33/bin/node',
1 verbose cli   '/home/ubuntu/.nvm/v0.10.33/bin/npm',
1 verbose cli   'install' ]
2 info using npm@1.4.28
3 info using node@v0.10.33
4 warn package.json Continua@0.0.1 No description
5 warn package.json Continua@0.0.1 No repository field.
6 warn package.json Continua@0.0.1 No README data
7 verbose readDependencies using package.json deps
8 verbose install where, deps [ '/home/ubuntu/workspace',
8 verbose install   [ 'express', 'socket.io', 'request' ] ]
9 info preinstall Continua@0.0.1
10 verbose readDependencies using package.json deps
11 verbose cache add [ 'request@2.4.17', null ]
12 verbose cache add name=undefined spec="request@2.4.17" args=["request@2.4.17",null]
13 verbose parsed url { protocol: null,
13 verbose parsed url   slashes: null,
13 verbose parsed url   auth: null,
13 verbose parsed url   host: null,
13 verbose parsed url   port: null,
13 verbose parsed url   hostname: null,
13 verbose parsed url   hash: null,
13 verbose parsed url   search: null,
13 verbose parsed url   query: null,
13 verbose parsed url   pathname: 'request@2.4.17',
13 verbose parsed url   path: 'request@2.4.17',
13 verbose parsed url   href: 'request@2.4.17' }
14 verbose already installed skipping express@4.11.0 /home/ubuntu/workspace
15 verbose already installed skipping socket.io@1.2.1 /home/ubuntu/workspace
16 verbose cache add name="request" spec="2.4.17" args=["request","2.4.17"]
17 verbose parsed url { protocol: null,
17 verbose parsed url   slashes: null,
17 verbose parsed url   auth: null,
17 verbose parsed url   host: null,
17 verbose parsed url   port: null,
17 verbose parsed url   hostname: null,
17 verbose parsed url   hash: null,
17 verbose parsed url   search: null,
17 verbose parsed url   query: null,
17 verbose parsed url   pathname: '2.4.17',
17 verbose parsed url   path: '2.4.17',
17 verbose parsed url   href: '2.4.17' }
18 verbose addNamed [ 'request', '2.4.17' ]
19 verbose addNamed [ '2.4.17', '2.4.17' ]
20 silly lockFile 03cdd34e-request-2-4-17 request@2.4.17
21 verbose lock request@2.4.17 /home/ubuntu/.npm/03cdd34e-request-2-4-17.lock
22 verbose request where is /request
23 verbose request registry https://registry.npmjs.org/
24 verbose request id 3800ff4b5d8a7997
25 verbose url raw /request
26 verbose url resolving [ 'https://registry.npmjs.org/', './request' ]
27 verbose url resolved https://registry.npmjs.org/request
28 verbose request where is https://registry.npmjs.org/request
29 info trying registry request attempt 1 at 19:12:09
30 verbose etag "D8UZ32H7H5DL24LY1VM9KEPN3"
31 http GET https://registry.npmjs.org/request
32 http 200 https://registry.npmjs.org/request
33 silly registry.get cb [ 200,
33 silly registry.get   { date: 'Wed, 14 Jan 2015 19:12:09 GMT',
33 silly registry.get     server: 'CouchDB/1.5.0 (Erlang OTP/R16B03)',
33 silly registry.get     etag: '"2KGQP9PV3XZ00ZY4MF4OZBBIF"',
33 silly registry.get     'content-type': 'application/json',
33 silly registry.get     'cache-control': 'max-age=60',
33 silly registry.get     'content-length': '133462',
33 silly registry.get     'accept-ranges': 'bytes',
33 silly registry.get     via: '1.1 varnish',
33 silly registry.get     age: '55',
33 silly registry.get     'x-served-by': 'cache-ord1728-ORD',
33 silly registry.get     'x-cache': 'HIT',
33 silly registry.get     'x-cache-hits': '1',
33 silly registry.get     'x-timer': 'S1421262729.922509,VS0,VE0',
33 silly registry.get     vary: 'Accept',
33 silly registry.get     'keep-alive': 'timeout=10, max=50',
33 silly registry.get     connection: 'Keep-Alive' } ]
34 silly lockFile 03cdd34e-request-2-4-17 request@2.4.17
35 silly lockFile 03cdd34e-request-2-4-17 request@2.4.17
36 error Error: version not found: request@2.4.17
36 error     at /home/ubuntu/.nvm/v0.10.33/lib/node_modules/npm/lib/cache/add-named.js:125:12
36 error     at saved (/home/ubuntu/.nvm/v0.10.33/lib/node_modules/npm/node_modules/npm-registry-client/lib/get.js:167:7)
36 error     at Object.oncomplete (fs.js:107:15)
37 error If you need help, you may report this *entire* log,
37 error including the npm and node versions, at:
37 error     <http://github.com/npm/npm/issues>
38 error System Linux 3.14.13-c9
39 error command "/home/ubuntu/.nvm/v0.10.33/bin/node" "/home/ubuntu/.nvm/v0.10.33/bin/npm" "install"
40 error cwd /home/ubuntu/workspace
41 error node -v v0.10.33
42 error npm -v 1.4.28
43 verbose exit [ 1, true ]
